CRITICAL - 2025-01-20 03:58:15 --> ErrorException: Undefined variable $filteredCheques
[Method: GET, Route: api/getAllcheques]
in APPPATH\Controllers\api.php on line 94.
 1 APPPATH\Controllers\api.php(94): CodeIgniter\Debug\Exceptions->errorHandler(2, 'Undefined variable $filteredCheques', 'C:\\xampp\\htdocs\\qb-apis\\app\\Controllers\\api.php', 94)
 2 SYSTEMPATH\CodeIgniter.php(933): App\Controllers\api->getAllCheques()
 3 SYSTEMPATH\CodeIgniter.php(509): CodeIgniter\CodeIgniter->runController(Object(App\Controllers\api))
 4 SYSTEMPATH\CodeIgniter.php(355): CodeIgniter\CodeIgniter->handleRequest(null, Object(Config\Cache), false)
 5 SYSTEMPATH\Boot.php(334): CodeIgniter\CodeIgniter->run()
 6 SYSTEMPATH\Boot.php(67): CodeIgniter\Boot::runCodeIgniter(Object(CodeIgniter\CodeIgniter))
 7 FCPATH\index.php(56): CodeIgniter\Boot::bootWeb(Object(Config\Paths))
CRITICAL - 2025-01-20 03:58:17 --> ErrorException: Undefined variable $filteredCheques
[Method: GET, Route: api/getAllcheques]
in APPPATH\Controllers\api.php on line 94.
 1 APPPATH\Controllers\api.php(94): CodeIgniter\Debug\Exceptions->errorHandler(2, 'Undefined variable $filteredCheques', 'C:\\xampp\\htdocs\\qb-apis\\app\\Controllers\\api.php', 94)
 2 SYSTEMPATH\CodeIgniter.php(933): App\Controllers\api->getAllCheques()
 3 SYSTEMPATH\CodeIgniter.php(509): CodeIgniter\CodeIgniter->runController(Object(App\Controllers\api))
 4 SYSTEMPATH\CodeIgniter.php(355): CodeIgniter\CodeIgniter->handleRequest(null, Object(Config\Cache), false)
 5 SYSTEMPATH\Boot.php(334): CodeIgniter\CodeIgniter->run()
 6 SYSTEMPATH\Boot.php(67): CodeIgniter\Boot::runCodeIgniter(Object(CodeIgniter\CodeIgniter))
 7 FCPATH\index.php(56): CodeIgniter\Boot::bootWeb(Object(Config\Paths))
CRITICAL - 2025-01-20 03:58:19 --> ErrorException: Undefined variable $filteredCheques
[Method: GET, Route: api/getAllcheques]
in APPPATH\Controllers\api.php on line 94.
 1 APPPATH\Controllers\api.php(94): CodeIgniter\Debug\Exceptions->errorHandler(2, 'Undefined variable $filteredCheques', 'C:\\xampp\\htdocs\\qb-apis\\app\\Controllers\\api.php', 94)
 2 SYSTEMPATH\CodeIgniter.php(933): App\Controllers\api->getAllCheques()
 3 SYSTEMPATH\CodeIgniter.php(509): CodeIgniter\CodeIgniter->runController(Object(App\Controllers\api))
 4 SYSTEMPATH\CodeIgniter.php(355): CodeIgniter\CodeIgniter->handleRequest(null, Object(Config\Cache), false)
 5 SYSTEMPATH\Boot.php(334): CodeIgniter\CodeIgniter->run()
 6 SYSTEMPATH\Boot.php(67): CodeIgniter\Boot::runCodeIgniter(Object(CodeIgniter\CodeIgniter))
 7 FCPATH\index.php(56): CodeIgniter\Boot::bootWeb(Object(Config\Paths))
CRITICAL - 2025-01-20 03:58:23 --> ErrorException: Undefined variable $filteredCheques
[Method: GET, Route: api/getAllcheques]
in APPPATH\Controllers\api.php on line 94.
 1 APPPATH\Controllers\api.php(94): CodeIgniter\Debug\Exceptions->errorHandler(2, 'Undefined variable $filteredCheques', 'C:\\xampp\\htdocs\\qb-apis\\app\\Controllers\\api.php', 94)
 2 SYSTEMPATH\CodeIgniter.php(933): App\Controllers\api->getAllCheques()
 3 SYSTEMPATH\CodeIgniter.php(509): CodeIgniter\CodeIgniter->runController(Object(App\Controllers\api))
 4 SYSTEMPATH\CodeIgniter.php(355): CodeIgniter\CodeIgniter->handleRequest(null, Object(Config\Cache), false)
 5 SYSTEMPATH\Boot.php(334): CodeIgniter\CodeIgniter->run()
 6 SYSTEMPATH\Boot.php(67): CodeIgniter\Boot::runCodeIgniter(Object(CodeIgniter\CodeIgniter))
 7 FCPATH\index.php(56): CodeIgniter\Boot::bootWeb(Object(Config\Paths))
CRITICAL - 2025-01-20 03:58:23 --> ErrorException: Undefined variable $filteredCheques
[Method: GET, Route: api/getAllcheques]
in APPPATH\Controllers\api.php on line 94.
 1 APPPATH\Controllers\api.php(94): CodeIgniter\Debug\Exceptions->errorHandler(2, 'Undefined variable $filteredCheques', 'C:\\xampp\\htdocs\\qb-apis\\app\\Controllers\\api.php', 94)
 2 SYSTEMPATH\CodeIgniter.php(933): App\Controllers\api->getAllCheques()
 3 SYSTEMPATH\CodeIgniter.php(509): CodeIgniter\CodeIgniter->runController(Object(App\Controllers\api))
 4 SYSTEMPATH\CodeIgniter.php(355): CodeIgniter\CodeIgniter->handleRequest(null, Object(Config\Cache), false)
 5 SYSTEMPATH\Boot.php(334): CodeIgniter\CodeIgniter->run()
 6 SYSTEMPATH\Boot.php(67): CodeIgniter\Boot::runCodeIgniter(Object(CodeIgniter\CodeIgniter))
 7 FCPATH\index.php(56): CodeIgniter\Boot::bootWeb(Object(Config\Paths))
